<?xml version="1.0" encoding="UTF-8"?>
<!-- Generated by org.testng.reporters.JUnitXMLReporter -->
<testsuite ignored="1" hostname="DESKTOP-2CR94PT" failures="1" tests="19" name="Test" time="22.591" errors="0" timestamp="2023-09-10T19:13:27 IST">
  <testcase classname="testNg.SkipATestCase" name="startTheCar" time="0.051"/>
  <testcase classname="testNg.SkipATestCase" name="putFirstGear" time="0.01"/>
  <testcase classname="testNg.SkipATestCase" name="putSecondGear" time="0.009"/>
  <testcase classname="testNg.SkipATestCase" name="putThirdGear" time="0.007"/>
  <testcase classname="testNg.SkipATestCase" name="putFourthGear" time="0.01"/>
  <testcase classname="testNg.DriveACar" name="startTheCar" time="0.009"/>
  <testcase classname="testNg.DriveACar" name="putFirstGear" time="0.036"/>
  <testcase classname="testNg.DriveACar" name="putSecondGear" time="0.033"/>
  <testcase classname="testNg.DriveACar" name="putThirdGear" time="0.025"/>
  <testcase classname="testNg.DriveACar" name="putFourthGear" time="0.036"/>
  <testcase classname="testNg.SuiteExample" name="openBing" time="9.826"/>
  <testcase classname="testNg.SuiteExample" name="openGoogle" time="8.482"/>
  <testcase classname="testNg.SuiteExample" name="openYahoo" time="3.298">
    <failure type="org.openqa.selenium.WebDriverException" message="unknown error: cannot determine loading status
from no such window
  (Session info: chrome=116.0.5845.180)
Build info: version: &amp;apos;4.11.0&amp;apos;, revision: &amp;apos;040bc5406b&amp;apos;
System info: os.name: &amp;apos;Windows 10&amp;apos;, os.arch: &amp;apos;amd64&amp;apos;, os.version: &amp;apos;10.0&amp;apos;, java.version: &amp;apos;20.0.2&amp;apos;
Driver info: org.openqa.selenium.chrome.ChromeDriver
Command: [9e52b851eb3b15f0e167d956eb946188, get {url=https://www.yahoo.com/}]
Capabilities {acceptInsecureCerts: false, browserName: chrome, browserVersion: 116.0.5845.180, chrome: {chromedriverVersion: 116.0.5845.96 (1a3918166880..., userDataDir: C:\Users\admin\AppData\Loca...}, fedcm:accounts: true, goog:chromeOptions: {debuggerAddress: localhost:56333}, networkConnectionEnabled: false, pageLoadStrategy: normal, platformName: windows, proxy: Proxy(), se:cdp: ws://localhost:56333/devtoo..., se:cdpVersion: 116.0.5845.180, setWindowRect: true, strictFileInteractability: false, timeouts: {implicit: 0, pageLoad: 300000, script: 30000}, unhandledPromptBehavior: dismiss and notify, webauthn:extension:credBlob: true, webauthn:extension:largeBlob: true, webauthn:extension:minPinLength: true, webauthn:extension:prf: true, webauthn:virtualAuthenticators: true}
Session ID: 9e52b851eb3b15f0e167d956eb946188">
      <![CDATA[org.openqa.selenium.WebDriverException: unknown error: cannot determine loading status
from no such window
  (Session info: chrome=116.0.5845.180)
Build info: version: '4.11.0', revision: '040bc5406b'
System info: os.name: 'Windows 10', os.arch: 'amd64', os.version: '10.0', java.version: '20.0.2'
Driver info: org.openqa.selenium.chrome.ChromeDriver
Command: [9e52b851eb3b15f0e167d956eb946188, get {url=https://www.yahoo.com/}]
Capabilities {acceptInsecureCerts: false, browserName: chrome, browserVersion: 116.0.5845.180, chrome: {chromedriverVersion: 116.0.5845.96 (1a3918166880..., userDataDir: C:\Users\admin\AppData\Loca...}, fedcm:accounts: true, goog:chromeOptions: {debuggerAddress: localhost:56333}, networkConnectionEnabled: false, pageLoadStrategy: normal, platformName: windows, proxy: Proxy(), se:cdp: ws://localhost:56333/devtoo..., se:cdpVersion: 116.0.5845.180, setWindowRect: true, strictFileInteractability: false, timeouts: {implicit: 0, pageLoad: 300000, script: 30000}, unhandledPromptBehavior: dismiss and notify, webauthn:extension:credBlob: true, webauthn:extension:largeBlob: true, webauthn:extension:minPinLength: true, webauthn:extension:prf: true, webauthn:virtualAuthenticators: true}
Session ID: 9e52b851eb3b15f0e167d956eb946188
at org.openqa.selenium.remote.codec.w3c.W3CHttpResponseCodec.createException(W3CHttpResponseCodec.java:200)
at org.openqa.selenium.remote.codec.w3c.W3CHttpResponseCodec.decode(W3CHttpResponseCodec.java:133)
at org.openqa.selenium.remote.codec.w3c.W3CHttpResponseCodec.decode(W3CHttpResponseCodec.java:52)
at org.openqa.selenium.remote.HttpCommandExecutor.execute(HttpCommandExecutor.java:191)
at org.openqa.selenium.remote.service.DriverCommandExecutor.invokeExecute(DriverCommandExecutor.java:196)
at org.openqa.selenium.remote.service.DriverCommandExecutor.execute(DriverCommandExecutor.java:171)
at org.openqa.selenium.remote.RemoteWebDriver.execute(RemoteWebDriver.java:518)
at org.openqa.selenium.remote.RemoteWebDriver.get(RemoteWebDriver.java:300)
at testNg.SuiteExample.openYahoo(SuiteExample.java:42)
at java.base/java.util.ArrayList.forEach(ArrayList.java:1511)
... Removed 28 stack frames]]>
    </failure>
  </testcase> <!-- openYahoo -->
  <testcase classname="testNg.DependenciesManagement" name="highSchool" time="0.015"/>
  <testcase classname="testNg.DependenciesManagement" name="higherSecondar" time="0.01"/>
  <testcase classname="testNg.DependenciesManagement" name="engineering" time="0.012"/>
  <testcase classname="testNg.Testsamplecase" name="firstTestcase" time="0.007"/>
  <testcase classname="testNg.Testsamplecase" name="secondTestcase" time="0.003"/>
  <testcase classname="testNg.Testsamplecase" name="thirdTestcase" time="0.004"/>
  <testcase classname="testNg.SkipATestCase" name="turnTheMusicon" time="0.0">
    <ignored/>
  </testcase> <!-- turnTheMusicon -->
</testsuite> <!-- Test -->
